{"C:\\Users\\itsys\\Desktop\\JS2\\getHWpost\\src\\index.ts": {"path":"C:\\Users\\itsys\\Desktop\\JS2\\getHWpost\\src\\index.ts","statementMap":{"0":{"start":{"line":1,"column":0},"end":{"line":1,"column":38}},"1":{"start":{"line":2,"column":0},"end":{"line":2,"column":42}},"2":{"start":{"line":3,"column":0},"end":{"line":3,"column":42}},"3":{"start":{"line":18,"column":30},"end":{"line":59,"column":1}},"4":{"start":{"line":19,"column":27},"end":{"line":56,"column":null}},"5":{"start":{"line":58,"column":4},"end":{"line":58,"column":80}},"6":{"start":{"line":58,"column":54},"end":{"line":58,"column":68}},"7":{"start":{"line":18,"column":13},"end":{"line":18,"column":30}},"8":{"start":{"line":61,"column":29},"end":{"line":113,"column":1}},"9":{"start":{"line":62,"column":20},"end":{"line":68,"column":6}},"10":{"start":{"line":70,"column":17},"end":{"line":70,"column":40}},"11":{"start":{"line":72,"column":4},"end":{"line":72,"column":44}},"12":{"start":{"line":74,"column":4},"end":{"line":88,"column":7}},"13":{"start":{"line":76,"column":8},"end":{"line":87,"column":9}},"14":{"start":{"line":77,"column":12},"end":{"line":84,"column":15}},"15":{"start":{"line":86,"column":12},"end":{"line":86,"column":42}},"16":{"start":{"line":90,"column":16},"end":{"line":90,"column":72}},"17":{"start":{"line":92,"column":4},"end":{"line":92,"column":null}},"18":{"start":{"line":94,"column":31},"end":{"line":108,"column":6}},"19":{"start":{"line":95,"column":25},"end":{"line":95,"column":84}},"20":{"start":{"line":96,"column":8},"end":{"line":107,"column":null}},"21":{"start":{"line":97,"column":31},"end":{"line":97,"column":117}},"22":{"start":{"line":98,"column":29},"end":{"line":98,"column":77}},"23":{"start":{"line":99,"column":32},"end":{"line":99,"column":115}},"24":{"start":{"line":100,"column":33},"end":{"line":100,"column":116}},"25":{"start":{"line":101,"column":29},"end":{"line":101,"column":112}},"26":{"start":{"line":102,"column":30},"end":{"line":102,"column":134}},"27":{"start":{"line":103,"column":29},"end":{"line":103,"column":104}},"28":{"start":{"line":104,"column":27},"end":{"line":104,"column":125}},"29":{"start":{"line":106,"column":12},"end":{"line":106,"column":100}},"30":{"start":{"line":110,"column":4},"end":{"line":110,"column":26}},"31":{"start":{"line":112,"column":4},"end":{"line":112,"column":null}},"32":{"start":{"line":61,"column":13},"end":{"line":61,"column":29}},"33":{"start":{"line":115,"column":25},"end":{"line":136,"column":1}},"34":{"start":{"line":117,"column":19},"end":{"line":117,"column":39}},"35":{"start":{"line":119,"column":4},"end":{"line":135,"column":null}},"36":{"start":{"line":121,"column":8},"end":{"line":134,"column":9}},"37":{"start":{"line":122,"column":25},"end":{"line":131,"column":24}},"38":{"start":{"line":133,"column":29},"end":{"line":133,"column":77}},"39":{"start":{"line":115,"column":13},"end":{"line":115,"column":25}},"40":{"start":{"line":139,"column":23},"end":{"line":167,"column":1}},"41":{"start":{"line":141,"column":18},"end":{"line":141,"column":47}},"42":{"start":{"line":143,"column":17},"end":{"line":143,"column":27}},"43":{"start":{"line":145,"column":23},"end":{"line":145,"column":88}},"44":{"start":{"line":153,"column":25},"end":{"line":153,"column":45}},"45":{"start":{"line":156,"column":26},"end":{"line":156,"column":65}},"46":{"start":{"line":157,"column":26},"end":{"line":157,"column":63}},"47":{"start":{"line":158,"column":4},"end":{"line":158,"column":null}},"48":{"start":{"line":160,"column":26},"end":{"line":160,"column":65}},"49":{"start":{"line":161,"column":26},"end":{"line":161,"column":63}},"50":{"start":{"line":162,"column":4},"end":{"line":162,"column":null}},"51":{"start":{"line":164,"column":25},"end":{"line":164,"column":64}},"52":{"start":{"line":165,"column":25},"end":{"line":165,"column":61}},"53":{"start":{"line":166,"column":4},"end":{"line":166,"column":null}},"54":{"start":{"line":139,"column":13},"end":{"line":139,"column":23}}},"fnMap":{"0":{"name":"(anonymous_1)","decl":{"start":{"line":18,"column":30},"end":{"line":18,"column":31}},"loc":{"start":{"line":18,"column":103},"end":{"line":59,"column":1}}},"1":{"name":"(anonymous_2)","decl":{"start":{"line":58,"column":46},"end":{"line":58,"column":50}},"loc":{"start":{"line":58,"column":54},"end":{"line":58,"column":68}}},"2":{"name":"(anonymous_3)","decl":{"start":{"line":61,"column":29},"end":{"line":61,"column":34}},"loc":{"start":{"line":61,"column":72},"end":{"line":113,"column":1}}},"3":{"name":"(anonymous_4)","decl":{"start":{"line":74,"column":23},"end":{"line":74,"column":41}},"loc":{"start":{"line":74,"column":44},"end":{"line":88,"column":5}}},"4":{"name":"(anonymous_5)","decl":{"start":{"line":94,"column":51},"end":{"line":94,"column":54}},"loc":{"start":{"line":94,"column":56},"end":{"line":108,"column":5}}},"5":{"name":"(anonymous_6)","decl":{"start":{"line":96,"column":40},"end":{"line":96,"column":47}},"loc":{"start":{"line":96,"column":50},"end":{"line":107,"column":9}}},"6":{"name":"(anonymous_7)","decl":{"start":{"line":115,"column":25},"end":{"line":115,"column":30}},"loc":{"start":{"line":115,"column":115},"end":{"line":136,"column":1}}},"7":{"name":"(anonymous_8)","decl":{"start":{"line":119,"column":34},"end":{"line":119,"column":39}},"loc":{"start":{"line":119,"column":51},"end":{"line":135,"column":5}}},"8":{"name":"(anonymous_9)","decl":{"start":{"line":139,"column":23},"end":{"line":139,"column":28}},"loc":{"start":{"line":139,"column":81},"end":{"line":167,"column":1}}}},"branchMap":{"0":{"loc":{"start":{"line":18,"column":48},"end":{"line":18,"column":91}},"type":"default-arg","locations":[{"start":{"line":18,"column":71},"end":{"line":18,"column":91}}]},"1":{"loc":{"start":{"line":76,"column":8},"end":{"line":87,"column":9}},"type":"if","locations":[{"start":{"line":76,"column":8},"end":{"line":87,"column":9}},{"start":{"line":85,"column":15},"end":{"line":87,"column":9}}]},"2":{"loc":{"start":{"line":76,"column":12},"end":{"line":76,"column":103}},"type":"binary-expr","locations":[{"start":{"line":76,"column":12},"end":{"line":76,"column":52}},{"start":{"line":76,"column":56},"end":{"line":76,"column":103}}]},"3":{"loc":{"start":{"line":97,"column":31},"end":{"line":97,"column":117}},"type":"binary-expr","locations":[{"start":{"line":97,"column":31},"end":{"line":97,"column":109}},{"start":{"line":97,"column":113},"end":{"line":97,"column":117}}]},"4":{"loc":{"start":{"line":99,"column":32},"end":{"line":99,"column":115}},"type":"binary-expr","locations":[{"start":{"line":99,"column":32},"end":{"line":99,"column":107}},{"start":{"line":99,"column":111},"end":{"line":99,"column":115}}]},"5":{"loc":{"start":{"line":100,"column":33},"end":{"line":100,"column":116}},"type":"binary-expr","locations":[{"start":{"line":100,"column":33},"end":{"line":100,"column":108}},{"start":{"line":100,"column":112},"end":{"line":100,"column":116}}]},"6":{"loc":{"start":{"line":101,"column":29},"end":{"line":101,"column":112}},"type":"binary-expr","locations":[{"start":{"line":101,"column":29},"end":{"line":101,"column":104}},{"start":{"line":101,"column":108},"end":{"line":101,"column":112}}]},"7":{"loc":{"start":{"line":102,"column":30},"end":{"line":102,"column":134}},"type":"binary-expr","locations":[{"start":{"line":102,"column":30},"end":{"line":102,"column":126}},{"start":{"line":102,"column":130},"end":{"line":102,"column":134}}]},"8":{"loc":{"start":{"line":103,"column":29},"end":{"line":103,"column":104}},"type":"binary-expr","locations":[{"start":{"line":103,"column":29},"end":{"line":103,"column":96}},{"start":{"line":103,"column":100},"end":{"line":103,"column":104}}]},"9":{"loc":{"start":{"line":104,"column":27},"end":{"line":104,"column":125}},"type":"binary-expr","locations":[{"start":{"line":104,"column":27},"end":{"line":104,"column":117}},{"start":{"line":104,"column":121},"end":{"line":104,"column":125}}]},"10":{"loc":{"start":{"line":121,"column":8},"end":{"line":134,"column":9}},"type":"if","locations":[{"start":{"line":121,"column":8},"end":{"line":134,"column":9}}]},"11":{"loc":{"start":{"line":141,"column":18},"end":{"line":141,"column":47}},"type":"binary-expr","locations":[{"start":{"line":141,"column":18},"end":{"line":141,"column":41}},{"start":{"line":141,"column":45},"end":{"line":141,"column":47}}]},"12":{"loc":{"start":{"line":157,"column":26},"end":{"line":157,"column":63}},"type":"binary-expr","locations":[{"start":{"line":157,"column":26},"end":{"line":157,"column":57}},{"start":{"line":157,"column":61},"end":{"line":157,"column":63}}]},"13":{"loc":{"start":{"line":161,"column":26},"end":{"line":161,"column":63}},"type":"binary-expr","locations":[{"start":{"line":161,"column":26},"end":{"line":161,"column":57}},{"start":{"line":161,"column":61},"end":{"line":161,"column":63}}]},"14":{"loc":{"start":{"line":165,"column":25},"end":{"line":165,"column":61}},"type":"binary-expr","locations":[{"start":{"line":165,"column":25},"end":{"line":165,"column":55}},{"start":{"line":165,"column":59},"end":{"line":165,"column":61}}]}},"s":{"0":1,"1":1,"2":1,"3":1,"4":3,"5":3,"6":108,"7":1,"8":1,"9":0,"10":0,"11":0,"12":0,"13":0,"14":0,"15":0,"16":0,"17":0,"18":0,"19":0,"20":0,"21":0,"22":0,"23":0,"24":0,"25":0,"26":0,"27":0,"28":0,"29":0,"30":0,"31":0,"32":1,"33":1,"34":0,"35":0,"36":0,"37":0,"38":0,"39":1,"40":1,"41":0,"42":0,"43":0,"44":0,"45":0,"46":0,"47":0,"48":0,"49":0,"50":0,"51":0,"52":0,"53":0,"54":1},"f":{"0":3,"1":108,"2":0,"3":0,"4":0,"5":0,"6":0,"7":0,"8":0},"b":{"0":[2],"1":[0,0],"2":[0,0],"3":[0,0],"4":[0,0],"5":[0,0],"6":[0,0],"7":[0,0],"8":[0,0],"9":[0,0],"10":[0],"11":[0,0],"12":[0,0],"13":[0,0],"14":[0,0]}}
}
