{"C:\\Users\\itsys\\Desktop\\JS2\\getHWpost\\src\\index.ts": {"path":"C:\\Users\\itsys\\Desktop\\JS2\\getHWpost\\src\\index.ts","statementMap":{"0":{"start":{"line":1,"column":0},"end":{"line":1,"column":38}},"1":{"start":{"line":2,"column":0},"end":{"line":2,"column":42}},"2":{"start":{"line":3,"column":0},"end":{"line":3,"column":42}},"3":{"start":{"line":22,"column":30},"end":{"line":63,"column":1}},"4":{"start":{"line":23,"column":27},"end":{"line":60,"column":null}},"5":{"start":{"line":62,"column":4},"end":{"line":62,"column":80}},"6":{"start":{"line":62,"column":54},"end":{"line":62,"column":68}},"7":{"start":{"line":22,"column":13},"end":{"line":22,"column":30}},"8":{"start":{"line":65,"column":29},"end":{"line":117,"column":1}},"9":{"start":{"line":66,"column":20},"end":{"line":72,"column":6}},"10":{"start":{"line":74,"column":17},"end":{"line":74,"column":40}},"11":{"start":{"line":76,"column":4},"end":{"line":76,"column":44}},"12":{"start":{"line":78,"column":4},"end":{"line":92,"column":7}},"13":{"start":{"line":80,"column":8},"end":{"line":91,"column":9}},"14":{"start":{"line":81,"column":12},"end":{"line":88,"column":15}},"15":{"start":{"line":90,"column":12},"end":{"line":90,"column":42}},"16":{"start":{"line":94,"column":16},"end":{"line":94,"column":72}},"17":{"start":{"line":96,"column":4},"end":{"line":96,"column":null}},"18":{"start":{"line":98,"column":31},"end":{"line":112,"column":6}},"19":{"start":{"line":99,"column":25},"end":{"line":99,"column":84}},"20":{"start":{"line":100,"column":8},"end":{"line":111,"column":null}},"21":{"start":{"line":101,"column":31},"end":{"line":101,"column":117}},"22":{"start":{"line":102,"column":29},"end":{"line":102,"column":77}},"23":{"start":{"line":103,"column":32},"end":{"line":103,"column":115}},"24":{"start":{"line":104,"column":33},"end":{"line":104,"column":116}},"25":{"start":{"line":105,"column":29},"end":{"line":105,"column":112}},"26":{"start":{"line":106,"column":30},"end":{"line":106,"column":134}},"27":{"start":{"line":107,"column":29},"end":{"line":107,"column":104}},"28":{"start":{"line":108,"column":27},"end":{"line":108,"column":125}},"29":{"start":{"line":110,"column":12},"end":{"line":110,"column":100}},"30":{"start":{"line":114,"column":4},"end":{"line":114,"column":26}},"31":{"start":{"line":116,"column":4},"end":{"line":116,"column":null}},"32":{"start":{"line":65,"column":13},"end":{"line":65,"column":29}},"33":{"start":{"line":119,"column":25},"end":{"line":140,"column":1}},"34":{"start":{"line":121,"column":19},"end":{"line":121,"column":39}},"35":{"start":{"line":123,"column":4},"end":{"line":139,"column":null}},"36":{"start":{"line":125,"column":8},"end":{"line":138,"column":9}},"37":{"start":{"line":126,"column":25},"end":{"line":135,"column":24}},"38":{"start":{"line":137,"column":29},"end":{"line":137,"column":77}},"39":{"start":{"line":119,"column":13},"end":{"line":119,"column":25}},"40":{"start":{"line":143,"column":23},"end":{"line":180,"column":1}},"41":{"start":{"line":145,"column":18},"end":{"line":145,"column":47}},"42":{"start":{"line":147,"column":17},"end":{"line":147,"column":27}},"43":{"start":{"line":149,"column":23},"end":{"line":149,"column":88}},"44":{"start":{"line":157,"column":25},"end":{"line":157,"column":45}},"45":{"start":{"line":160,"column":26},"end":{"line":160,"column":63}},"46":{"start":{"line":162,"column":26},"end":{"line":162,"column":78}},"47":{"start":{"line":163,"column":4},"end":{"line":163,"column":69}},"48":{"start":{"line":164,"column":29},"end":{"line":164,"column":115}},"49":{"start":{"line":165,"column":4},"end":{"line":165,"column":72}},"50":{"start":{"line":168,"column":26},"end":{"line":168,"column":63}},"51":{"start":{"line":169,"column":26},"end":{"line":169,"column":78}},"52":{"start":{"line":170,"column":4},"end":{"line":170,"column":69}},"53":{"start":{"line":171,"column":29},"end":{"line":171,"column":115}},"54":{"start":{"line":172,"column":4},"end":{"line":172,"column":72}},"55":{"start":{"line":175,"column":25},"end":{"line":175,"column":61}},"56":{"start":{"line":176,"column":25},"end":{"line":176,"column":77}},"57":{"start":{"line":177,"column":4},"end":{"line":177,"column":67}},"58":{"start":{"line":178,"column":28},"end":{"line":178,"column":114}},"59":{"start":{"line":179,"column":4},"end":{"line":179,"column":70}},"60":{"start":{"line":143,"column":13},"end":{"line":143,"column":23}}},"fnMap":{"0":{"name":"(anonymous_1)","decl":{"start":{"line":22,"column":30},"end":{"line":22,"column":31}},"loc":{"start":{"line":22,"column":116},"end":{"line":63,"column":1}}},"1":{"name":"(anonymous_2)","decl":{"start":{"line":62,"column":46},"end":{"line":62,"column":50}},"loc":{"start":{"line":62,"column":54},"end":{"line":62,"column":68}}},"2":{"name":"(anonymous_3)","decl":{"start":{"line":65,"column":29},"end":{"line":65,"column":34}},"loc":{"start":{"line":65,"column":72},"end":{"line":117,"column":1}}},"3":{"name":"(anonymous_4)","decl":{"start":{"line":78,"column":23},"end":{"line":78,"column":41}},"loc":{"start":{"line":78,"column":44},"end":{"line":92,"column":5}}},"4":{"name":"(anonymous_5)","decl":{"start":{"line":98,"column":51},"end":{"line":98,"column":54}},"loc":{"start":{"line":98,"column":56},"end":{"line":112,"column":5}}},"5":{"name":"(anonymous_6)","decl":{"start":{"line":100,"column":40},"end":{"line":100,"column":47}},"loc":{"start":{"line":100,"column":50},"end":{"line":111,"column":9}}},"6":{"name":"(anonymous_7)","decl":{"start":{"line":119,"column":25},"end":{"line":119,"column":30}},"loc":{"start":{"line":119,"column":115},"end":{"line":140,"column":1}}},"7":{"name":"(anonymous_8)","decl":{"start":{"line":123,"column":34},"end":{"line":123,"column":39}},"loc":{"start":{"line":123,"column":51},"end":{"line":139,"column":5}}},"8":{"name":"(anonymous_9)","decl":{"start":{"line":143,"column":23},"end":{"line":143,"column":28}},"loc":{"start":{"line":143,"column":81},"end":{"line":180,"column":1}}}},"branchMap":{"0":{"loc":{"start":{"line":22,"column":42},"end":{"line":22,"column":77}},"type":"default-arg","locations":[{"start":{"line":22,"column":57},"end":{"line":22,"column":77}}]},"1":{"loc":{"start":{"line":22,"column":79},"end":{"line":22,"column":92}},"type":"default-arg","locations":[{"start":{"line":22,"column":90},"end":{"line":22,"column":92}}]},"2":{"loc":{"start":{"line":80,"column":8},"end":{"line":91,"column":9}},"type":"if","locations":[{"start":{"line":80,"column":8},"end":{"line":91,"column":9}},{"start":{"line":89,"column":15},"end":{"line":91,"column":9}}]},"3":{"loc":{"start":{"line":80,"column":12},"end":{"line":80,"column":103}},"type":"binary-expr","locations":[{"start":{"line":80,"column":12},"end":{"line":80,"column":52}},{"start":{"line":80,"column":56},"end":{"line":80,"column":103}}]},"4":{"loc":{"start":{"line":101,"column":31},"end":{"line":101,"column":117}},"type":"binary-expr","locations":[{"start":{"line":101,"column":31},"end":{"line":101,"column":109}},{"start":{"line":101,"column":113},"end":{"line":101,"column":117}}]},"5":{"loc":{"start":{"line":103,"column":32},"end":{"line":103,"column":115}},"type":"binary-expr","locations":[{"start":{"line":103,"column":32},"end":{"line":103,"column":107}},{"start":{"line":103,"column":111},"end":{"line":103,"column":115}}]},"6":{"loc":{"start":{"line":104,"column":33},"end":{"line":104,"column":116}},"type":"binary-expr","locations":[{"start":{"line":104,"column":33},"end":{"line":104,"column":108}},{"start":{"line":104,"column":112},"end":{"line":104,"column":116}}]},"7":{"loc":{"start":{"line":105,"column":29},"end":{"line":105,"column":112}},"type":"binary-expr","locations":[{"start":{"line":105,"column":29},"end":{"line":105,"column":104}},{"start":{"line":105,"column":108},"end":{"line":105,"column":112}}]},"8":{"loc":{"start":{"line":106,"column":30},"end":{"line":106,"column":134}},"type":"binary-expr","locations":[{"start":{"line":106,"column":30},"end":{"line":106,"column":126}},{"start":{"line":106,"column":130},"end":{"line":106,"column":134}}]},"9":{"loc":{"start":{"line":107,"column":29},"end":{"line":107,"column":104}},"type":"binary-expr","locations":[{"start":{"line":107,"column":29},"end":{"line":107,"column":96}},{"start":{"line":107,"column":100},"end":{"line":107,"column":104}}]},"10":{"loc":{"start":{"line":108,"column":27},"end":{"line":108,"column":125}},"type":"binary-expr","locations":[{"start":{"line":108,"column":27},"end":{"line":108,"column":117}},{"start":{"line":108,"column":121},"end":{"line":108,"column":125}}]},"11":{"loc":{"start":{"line":125,"column":8},"end":{"line":138,"column":9}},"type":"if","locations":[{"start":{"line":125,"column":8},"end":{"line":138,"column":9}}]},"12":{"loc":{"start":{"line":145,"column":18},"end":{"line":145,"column":47}},"type":"binary-expr","locations":[{"start":{"line":145,"column":18},"end":{"line":145,"column":41}},{"start":{"line":145,"column":45},"end":{"line":145,"column":47}}]},"13":{"loc":{"start":{"line":160,"column":26},"end":{"line":160,"column":63}},"type":"binary-expr","locations":[{"start":{"line":160,"column":26},"end":{"line":160,"column":57}},{"start":{"line":160,"column":61},"end":{"line":160,"column":63}}]},"14":{"loc":{"start":{"line":168,"column":26},"end":{"line":168,"column":63}},"type":"binary-expr","locations":[{"start":{"line":168,"column":26},"end":{"line":168,"column":57}},{"start":{"line":168,"column":61},"end":{"line":168,"column":63}}]},"15":{"loc":{"start":{"line":175,"column":25},"end":{"line":175,"column":61}},"type":"binary-expr","locations":[{"start":{"line":175,"column":25},"end":{"line":175,"column":55}},{"start":{"line":175,"column":59},"end":{"line":175,"column":61}}]}},"s":{"0":1,"1":1,"2":1,"3":1,"4":3,"5":3,"6":108,"7":1,"8":1,"9":0,"10":0,"11":0,"12":0,"13":0,"14":0,"15":0,"16":0,"17":0,"18":0,"19":0,"20":0,"21":0,"22":0,"23":0,"24":0,"25":0,"26":0,"27":0,"28":0,"29":0,"30":0,"31":0,"32":1,"33":1,"34":0,"35":0,"36":0,"37":0,"38":0,"39":1,"40":1,"41":0,"42":0,"43":0,"44":0,"45":0,"46":0,"47":0,"48":0,"49":0,"50":0,"51":0,"52":0,"53":0,"54":0,"55":0,"56":0,"57":0,"58":0,"59":0,"60":1},"f":{"0":3,"1":108,"2":0,"3":0,"4":0,"5":0,"6":0,"7":0,"8":0},"b":{"0":[2],"1":[3],"2":[0,0],"3":[0,0],"4":[0,0],"5":[0,0],"6":[0,0],"7":[0,0],"8":[0,0],"9":[0,0],"10":[0,0],"11":[0],"12":[0,0],"13":[0,0],"14":[0,0],"15":[0,0]}}
}
