TN:
SF:src\index.ts
FN:22,(anonymous_1)
FN:62,(anonymous_2)
FN:65,(anonymous_3)
FN:78,(anonymous_4)
FN:98,(anonymous_5)
FN:100,(anonymous_6)
FN:119,(anonymous_7)
FN:123,(anonymous_8)
FN:143,(anonymous_9)
FNF:9
FNH:2
FNDA:3,(anonymous_1)
FNDA:108,(anonymous_2)
FNDA:0,(anonymous_3)
FNDA:0,(anonymous_4)
FNDA:0,(anonymous_5)
FNDA:0,(anonymous_6)
FNDA:0,(anonymous_7)
FNDA:0,(anonymous_8)
FNDA:0,(anonymous_9)
DA:1,1
DA:2,1
DA:3,1
DA:22,1
DA:23,3
DA:62,108
DA:65,1
DA:66,0
DA:74,0
DA:76,0
DA:78,0
DA:80,0
DA:81,0
DA:90,0
DA:94,0
DA:96,0
DA:98,0
DA:99,0
DA:100,0
DA:101,0
DA:102,0
DA:103,0
DA:104,0
DA:105,0
DA:106,0
DA:107,0
DA:108,0
DA:110,0
DA:114,0
DA:116,0
DA:119,1
DA:121,0
DA:123,0
DA:125,0
DA:126,0
DA:137,0
DA:143,1
DA:145,0
DA:147,0
DA:149,0
DA:157,0
DA:160,0
DA:161,0
DA:162,0
DA:164,0
DA:165,0
DA:166,0
DA:170,0
DA:171,0
DA:172,0
DA:174,0
DA:175,0
LF:52
LH:9
BRDA:22,0,0,2
BRDA:22,1,0,3
BRDA:80,2,0,0
BRDA:80,2,1,0
BRDA:80,3,0,0
BRDA:80,3,1,0
BRDA:101,4,0,0
BRDA:101,4,1,0
BRDA:103,5,0,0
BRDA:103,5,1,0
BRDA:104,6,0,0
BRDA:104,6,1,0
BRDA:105,7,0,0
BRDA:105,7,1,0
BRDA:106,8,0,0
BRDA:106,8,1,0
BRDA:107,9,0,0
BRDA:107,9,1,0
BRDA:108,10,0,0
BRDA:108,10,1,0
BRDA:125,11,0,0
BRDA:145,12,0,0
BRDA:145,12,1,0
BRDA:161,13,0,0
BRDA:161,13,1,0
BRDA:165,14,0,0
BRDA:165,14,1,0
BRDA:171,15,0,0
BRDA:171,15,1,0
BRF:29
BRH:2
end_of_record
